<?xml version="1.0" encoding="UTF-8"?>
<!-- Generated by org.testng.reporters.JUnitReportReporter -->
<testsuite hostname="AVDCCEX1005-6" failures="0" tests="1" name="com.SmartCommerce.testcases.TC_LoginTest_001" time="15.093" errors="0" timestamp="26 May 2022 11:28:49 GMT" skipped="0">
  <testcase classname="com.SmartCommerce.testcases.TC_LoginTest_001" name="loginTest" time="15.093"/>
</testsuite> <!-- com.SmartCommerce.testcases.TC_LoginTest_001 -->
