<?xml version="1.0" encoding="UTF-8"?>
<!-- Generated by org.testng.reporters.JUnitReportReporter -->
<testsuite hostname="AVDCCEX1005-6" failures="0" tests="1" name="com.SmartCommerce.testcases.TC_AddCustomerTest_003" time="20.994" errors="0" timestamp="26 May 2022 11:43:43 GMT" skipped="0">
  <testcase classname="com.SmartCommerce.testcases.TC_AddCustomerTest_003" name="addNewCustomer" time="20.994"/>
</testsuite> <!-- com.SmartCommerce.testcases.TC_AddCustomerTest_003 -->
