<?xml version="1.0" encoding="UTF-8"?>
<!-- Generated by org.testng.reporters.JUnitReportReporter -->
<testsuite hostname="AVDCCEX1005-6" failures="0" tests="1" name="com.SmartCommerce.testcases.TC_AddCustomerTest_003" time="21.679" errors="0" timestamp="26 May 2022 12:13:37 GMT" skipped="0">
  <testcase classname="com.SmartCommerce.testcases.TC_AddCustomerTest_003" name="addNewCustomer" time="21.679"/>
</testsuite> <!-- com.SmartCommerce.testcases.TC_AddCustomerTest_003 -->
